3act/app/build/intermediates/manifest_merge_blame_file/debug/manifest-merger-blame-debug-report.txt
1<?xml version="1.0" encoding="utf-8"?>
2<manifest xmlns:android="http://schemas.android.com/apk/res/android"
3    package="com.hfad.a3act"
4    android:versionCode="1"
5    android:versionName="1.0" >
6
7    <uses-sdk
8        android:minSdkVersion="21"
8-->src\main\AndroidManifest.xml
9        android:targetSdkVersion="32" />
9-->src\main\AndroidManifest.xml
10
11    <application
11-->src\main\AndroidManifest.xml:6:5-35:19
12        android:allowBackup="true"
12-->src\main\AndroidManifest.xml:7:9-35
13        android:appComponentFactory="android.support.v4.app.CoreComponentFactory"
13-->[com.android.support:support-compat:28.0.0] AndroidManifest.xml:22:18-91
14        android:dataExtractionRules="@xml/data_extraction_rules"
14-->src\main\AndroidManifest.xml:8:9-65
15        android:debuggable="true"
16        android:fullBackupContent="@xml/backup_rules"
16-->src\main\AndroidManifest.xml:9:9-54
17        android:icon="@mipmap/ic_launcher"
17-->src\main\AndroidManifest.xml:10:9-43
18        android:label="@string/app_name"
18-->src\main\AndroidManifest.xml:11:9-41
19        android:roundIcon="@mipmap/ic_launcher_round"
19-->src\main\AndroidManifest.xml:12:9-54
20        android:supportsRtl="true"
20-->src\main\AndroidManifest.xml:13:9-35
21        android:testOnly="true"
22        android:theme="@style/Theme.3act" >
22-->src\main\AndroidManifest.xml:14:9-42
23        <activity
23-->src\main\AndroidManifest.xml:16:9-20:61
24            android:name="com.hfad.a3act.ThirdActivity"
24-->src\main\AndroidManifest.xml:17:13-42
25            android:exported="false"
25-->src\main\AndroidManifest.xml:18:13-37
26            android:label="@string/title_activity_third"
26-->src\main\AndroidManifest.xml:19:13-57
27            android:theme="@style/Theme.3act.NoActionBar" />
27-->src\main\AndroidManifest.xml:20:13-58
28        <activity
28-->src\main\AndroidManifest.xml:21:9-25:61
29            android:name="com.hfad.a3act.SecondActivity"
29-->src\main\AndroidManifest.xml:22:13-43
30            android:exported="false"
30-->src\main\AndroidManifest.xml:23:13-37
31            android:label="@string/title_activity_second"
31-->src\main\AndroidManifest.xml:24:13-58
32            android:theme="@style/Theme.3act.NoActionBar" />
32-->src\main\AndroidManifest.xml:25:13-58
33        <activity
33-->src\main\AndroidManifest.xml:26:9-34:20
34            android:name="com.hfad.a3act.MainActivity"
34-->src\main\AndroidManifest.xml:27:13-41
35            android:exported="true" >
35-->src\main\AndroidManifest.xml:28:13-36
36            <intent-filter>
36-->src\main\AndroidManifest.xml:29:13-33:29
37                <action android:name="android.intent.action.MAIN" />
37-->src\main\AndroidManifest.xml:30:17-69
37-->src\main\AndroidManifest.xml:30:25-66
38
39                <category android:name="android.intent.category.LAUNCHER" />
39-->src\main\AndroidManifest.xml:32:17-77
39-->src\main\AndroidManifest.xml:32:27-74
40            </intent-filter>
41        </activity>
42    </application>
43
44</manifest>